This file contains any messages produced by compilers while
running configure, to aid debugging if configure makes a mistake.

It was created by marc configure 4.0, which was
generated by GNU Autoconf 2.59.  Invocation command line was

  $ ./configure CXXFLAGS=-O2 --prefix=/home/gdding/MARC

## --------- ##
## Platform. ##
## --------- ##

hostname = bogon
uname -m = x86_64
uname -r = 2.6.18-308.13.1.el5
uname -s = Linux
uname -v = #1 SMP Tue Aug 21 17:10:18 EDT 2012

/usr/bin/uname -p = unknown
/bin/uname -X     = unknown

/bin/arch              = x86_64
/usr/bin/arch -k       = unknown
/usr/convex/getsysinfo = unknown
hostinfo               = unknown
/bin/machine           = unknown
/usr/bin/oslevel       = unknown
/bin/universe          = unknown

PATH: /usr/kerberos/bin
PATH: /usr/local/bin
PATH: /bin
PATH: /usr/bin
PATH: /home/gdding/bin


## ----------- ##
## Core tests. ##
## ----------- ##

configure:1554: checking for a BSD-compatible install
configure:1609: result: /usr/bin/install -c
configure:1620: checking whether build environment is sane
configure:1663: result: yes
configure:1728: checking for gawk
configure:1744: found /bin/gawk
configure:1754: result: gawk
configure:1764: checking whether make sets $(MAKE)
configure:1784: result: yes
configure:2006: checking for g++
configure:2022: found /usr/bin/g++
configure:2032: result: g++
configure:2048: checking for C++ compiler version
configure:2051: g++ --version </dev/null >&5
g++ (GCC) 4.1.2 20080704 (Red Hat 4.1.2-52)
Copyright (C) 2006 Free Software Foundation, Inc.
This is free software; see the source for copying conditions.  There is NO
warranty; not even for MERCHANTABILITY or FITNESS FOR A PARTICULAR PURPOSE.

configure:2054: $? = 0
configure:2056: g++ -v </dev/null >&5
Using built-in specs.
Target: x86_64-redhat-linux
Configured with: ../configure --prefix=/usr --mandir=/usr/share/man --infodir=/usr/share/info --enable-shared --enable-threads=posix --enable-checking=release --with-system-zlib --enable-__cxa_atexit --disable-libunwind-exceptions --enable-libgcj-multifile --enable-languages=c,c++,objc,obj-c++,java,fortran,ada --enable-java-awt=gtk --disable-dssi --disable-plugin --with-java-home=/usr/lib/jvm/java-1.4.2-gcj-1.4.2.0/jre --with-cpu=generic --host=x86_64-redhat-linux
Thread model: posix
gcc version 4.1.2 20080704 (Red Hat 4.1.2-52)
configure:2059: $? = 0
configure:2061: g++ -V </dev/null >&5
g++: '-V' option must have argument
configure:2064: $? = 1
configure:2087: checking for C++ compiler default output file name
configure:2090: g++ -O2   conftest.cc  >&5
configure:2093: $? = 0
configure:2139: result: a.out
configure:2144: checking whether the C++ compiler works
configure:2150: ./a.out
configure:2153: $? = 0
configure:2170: result: yes
configure:2177: checking whether we are cross compiling
configure:2179: result: no
configure:2182: checking for suffix of executables
configure:2184: g++ -o conftest -O2   conftest.cc  >&5
configure:2187: $? = 0
configure:2212: result: 
configure:2218: checking for suffix of object files
configure:2239: g++ -c -O2  conftest.cc >&5
configure:2242: $? = 0
configure:2264: result: o
configure:2268: checking whether we are using the GNU C++ compiler
configure:2292: g++ -c -O2  conftest.cc >&5
configure:2298: $? = 0
configure:2302: test -z 
			 || test ! -s conftest.err
configure:2305: $? = 0
configure:2308: test -s conftest.o
configure:2311: $? = 0
configure:2324: result: yes
configure:2330: checking whether g++ accepts -g
configure:2351: g++ -c -g  conftest.cc >&5
configure:2357: $? = 0
configure:2361: test -z 
			 || test ! -s conftest.err
configure:2364: $? = 0
configure:2367: test -s conftest.o
configure:2370: $? = 0
configure:2381: result: yes
configure:2423: g++ -c -O2  conftest.cc >&5
configure:2429: $? = 0
configure:2433: test -z 
			 || test ! -s conftest.err
configure:2436: $? = 0
configure:2439: test -s conftest.o
configure:2442: $? = 0
configure:2468: g++ -c -O2  conftest.cc >&5
conftest.cc: In function 'int main()':
conftest.cc:15: error: 'exit' was not declared in this scope
configure:2474: $? = 1
configure: failed program was:
| /* confdefs.h.  */
| 
| #define PACKAGE_NAME "marc"
| #define PACKAGE_TARNAME "marc"
| #define PACKAGE_VERSION "4.0"
| #define PACKAGE_STRING "marc 4.0"
| #define PACKAGE_BUGREPORT "dingguodong@software.ict.ac.cn"
| #define PACKAGE "marc"
| #define VERSION "4.0"
| /* end confdefs.h.  */
| 
| int
| main ()
| {
| exit (42);
|   ;
|   return 0;
| }
configure:2423: g++ -c -O2  conftest.cc >&5
configure:2429: $? = 0
configure:2433: test -z 
			 || test ! -s conftest.err
configure:2436: $? = 0
configure:2439: test -s conftest.o
configure:2442: $? = 0
configure:2468: g++ -c -O2  conftest.cc >&5
configure:2474: $? = 0
configure:2478: test -z 
			 || test ! -s conftest.err
configure:2481: $? = 0
configure:2484: test -s conftest.o
configure:2487: $? = 0
configure:2521: checking for style of include used by make
configure:2549: result: GNU
configure:2577: checking dependency style of g++
configure:2667: result: gcc3
configure:2688: checking for gawk
configure:2714: result: gawk
configure:2770: checking for gcc
configure:2786: found /usr/bin/gcc
configure:2796: result: gcc
configure:3040: checking for C compiler version
configure:3043: gcc --version </dev/null >&5
gcc (GCC) 4.1.2 20080704 (Red Hat 4.1.2-52)
Copyright (C) 2006 Free Software Foundation, Inc.
This is free software; see the source for copying conditions.  There is NO
warranty; not even for MERCHANTABILITY or FITNESS FOR A PARTICULAR PURPOSE.

configure:3046: $? = 0
configure:3048: gcc -v </dev/null >&5
Using built-in specs.
Target: x86_64-redhat-linux
Configured with: ../configure --prefix=/usr --mandir=/usr/share/man --infodir=/usr/share/info --enable-shared --enable-threads=posix --enable-checking=release --with-system-zlib --enable-__cxa_atexit --disable-libunwind-exceptions --enable-libgcj-multifile --enable-languages=c,c++,objc,obj-c++,java,fortran,ada --enable-java-awt=gtk --disable-dssi --disable-plugin --with-java-home=/usr/lib/jvm/java-1.4.2-gcj-1.4.2.0/jre --with-cpu=generic --host=x86_64-redhat-linux
Thread model: posix
gcc version 4.1.2 20080704 (Red Hat 4.1.2-52)
configure:3051: $? = 0
configure:3053: gcc -V </dev/null >&5
gcc: '-V' option must have argument
configure:3056: $? = 1
configure:3059: checking whether we are using the GNU C compiler
configure:3083: gcc -c   conftest.c >&5
configure:3089: $? = 0
configure:3093: test -z 
			 || test ! -s conftest.err
configure:3096: $? = 0
configure:3099: test -s conftest.o
configure:3102: $? = 0
configure:3115: result: yes
configure:3121: checking whether gcc accepts -g
configure:3142: gcc -c -g  conftest.c >&5
configure:3148: $? = 0
configure:3152: test -z 
			 || test ! -s conftest.err
configure:3155: $? = 0
configure:3158: test -s conftest.o
configure:3161: $? = 0
configure:3172: result: yes
configure:3189: checking for gcc option to accept ANSI C
configure:3259: gcc  -c -g -O2  conftest.c >&5
configure:3265: $? = 0
configure:3269: test -z 
			 || test ! -s conftest.err
configure:3272: $? = 0
configure:3275: test -s conftest.o
configure:3278: $? = 0
configure:3296: result: none needed
configure:3314: gcc -c -g -O2  conftest.c >&5
conftest.c:2: error: expected '=', ',', ';', 'asm' or '__attribute__' before 'me'
configure:3320: $? = 1
configure: failed program was:
| #ifndef __cplusplus
|   choke me
| #endif
configure:3455: checking dependency style of gcc
configure:3545: result: gcc3
configure:3567: checking how to run the C preprocessor
configure:3602: gcc -E  conftest.c
configure:3608: $? = 0
configure:3640: gcc -E  conftest.c
conftest.c:14:28: error: ac_nonexistent.h: No such file or directory
configure:3646: $? = 1
configure: failed program was:
| /* confdefs.h.  */
| 
| #define PACKAGE_NAME "marc"
| #define PACKAGE_TARNAME "marc"
| #define PACKAGE_VERSION "4.0"
| #define PACKAGE_STRING "marc 4.0"
| #define PACKAGE_BUGREPORT "dingguodong@software.ict.ac.cn"
| #define PACKAGE "marc"
| #define VERSION "4.0"
| #ifdef __cplusplus
| extern "C" void std::exit (int) throw (); using std::exit;
| #endif
| /* end confdefs.h.  */
| #include <ac_nonexistent.h>
configure:3685: result: gcc -E
configure:3709: gcc -E  conftest.c
configure:3715: $? = 0
configure:3747: gcc -E  conftest.c
conftest.c:14:28: error: ac_nonexistent.h: No such file or directory
configure:3753: $? = 1
configure: failed program was:
| /* confdefs.h.  */
| 
| #define PACKAGE_NAME "marc"
| #define PACKAGE_TARNAME "marc"
| #define PACKAGE_VERSION "4.0"
| #define PACKAGE_STRING "marc 4.0"
| #define PACKAGE_BUGREPORT "dingguodong@software.ict.ac.cn"
| #define PACKAGE "marc"
| #define VERSION "4.0"
| #ifdef __cplusplus
| extern "C" void std::exit (int) throw (); using std::exit;
| #endif
| /* end confdefs.h.  */
| #include <ac_nonexistent.h>
configure:3809: checking for a BSD-compatible install
configure:3864: result: /usr/bin/install -c
configure:3875: checking whether ln -s works
configure:3879: result: yes
configure:3886: checking whether make sets $(MAKE)
configure:3906: result: yes
configure:3956: checking for ranlib
configure:3972: found /usr/bin/ranlib
configure:3983: result: ranlib
configure:4073: checking build system type
configure:4091: result: x86_64-unknown-linux-gnu
configure:4099: checking host system type
configure:4113: result: x86_64-unknown-linux-gnu
configure:4121: checking for a sed that does not truncate output
configure:4177: result: /bin/sed
configure:4180: checking for egrep
configure:4190: result: grep -E
configure:4206: checking for ld used by gcc
configure:4273: result: /usr/bin/ld
configure:4282: checking if the linker (/usr/bin/ld) is GNU ld
configure:4297: result: yes
configure:4302: checking for /usr/bin/ld option to reload object files
configure:4309: result: -r
configure:4327: checking for BSD-compatible nm
configure:4376: result: /usr/bin/nm -B
configure:4380: checking how to recognise dependent libraries
configure:4556: result: pass_all
configure:4644: gcc -c -g -O2  conftest.c >&5
configure:4647: $? = 0
configure:4789: checking for ANSI C header files
configure:4814: gcc -c -g -O2  conftest.c >&5
configure:4820: $? = 0
configure:4824: test -z 
			 || test ! -s conftest.err
configure:4827: $? = 0
configure:4830: test -s conftest.o
configure:4833: $? = 0
configure:4922: gcc -o conftest -g -O2   conftest.c  >&5
conftest.c: In function 'main':
conftest.c:31: warning: incompatible implicit declaration of built-in function 'exit'
configure:4925: $? = 0
configure:4927: ./conftest
configure:4930: $? = 0
configure:4945: result: yes
configure:4969: checking for sys/types.h
configure:4985: gcc -c -g -O2  conftest.c >&5
configure:4991: $? = 0
configure:4995: test -z 
			 || test ! -s conftest.err
configure:4998: $? = 0
configure:5001: test -s conftest.o
configure:5004: $? = 0
configure:5015: result: yes
configure:4969: checking for sys/stat.h
configure:4985: gcc -c -g -O2  conftest.c >&5
configure:4991: $? = 0
configure:4995: test -z 
			 || test ! -s conftest.err
configure:4998: $? = 0
configure:5001: test -s conftest.o
configure:5004: $? = 0
configure:5015: result: yes
configure:4969: checking for stdlib.h
configure:4985: gcc -c -g -O2  conftest.c >&5
configure:4991: $? = 0
configure:4995: test -z 
			 || test ! -s conftest.err
configure:4998: $? = 0
configure:5001: test -s conftest.o
configure:5004: $? = 0
configure:5015: result: yes
configure:4969: checking for string.h
configure:4985: gcc -c -g -O2  conftest.c >&5
configure:4991: $? = 0
configure:4995: test -z 
			 || test ! -s conftest.err
configure:4998: $? = 0
configure:5001: test -s conftest.o
configure:5004: $? = 0
configure:5015: result: yes
configure:4969: checking for memory.h
configure:4985: gcc -c -g -O2  conftest.c >&5
configure:4991: $? = 0
configure:4995: test -z 
			 || test ! -s conftest.err
configure:4998: $? = 0
configure:5001: test -s conftest.o
configure:5004: $? = 0
configure:5015: result: yes
configure:4969: checking for strings.h
configure:4985: gcc -c -g -O2  conftest.c >&5
configure:4991: $? = 0
configure:4995: test -z 
			 || test ! -s conftest.err
configure:4998: $? = 0
configure:5001: test -s conftest.o
configure:5004: $? = 0
configure:5015: result: yes
configure:4969: checking for inttypes.h
configure:4985: gcc -c -g -O2  conftest.c >&5
configure:4991: $? = 0
configure:4995: test -z 
			 || test ! -s conftest.err
configure:4998: $? = 0
configure:5001: test -s conftest.o
configure:5004: $? = 0
configure:5015: result: yes
configure:4969: checking for stdint.h
configure:4985: gcc -c -g -O2  conftest.c >&5
configure:4991: $? = 0
configure:4995: test -z 
			 || test ! -s conftest.err
configure:4998: $? = 0
configure:5001: test -s conftest.o
configure:5004: $? = 0
configure:5015: result: yes
configure:4969: checking for unistd.h
configure:4985: gcc -c -g -O2  conftest.c >&5
configure:4991: $? = 0
configure:4995: test -z 
			 || test ! -s conftest.err
configure:4998: $? = 0
configure:5001: test -s conftest.o
configure:5004: $? = 0
configure:5015: result: yes
configure:5041: checking dlfcn.h usability
configure:5053: gcc -c -g -O2  conftest.c >&5
configure:5059: $? = 0
configure:5063: test -z 
			 || test ! -s conftest.err
configure:5066: $? = 0
configure:5069: test -s conftest.o
configure:5072: $? = 0
configure:5082: result: yes
configure:5086: checking dlfcn.h presence
configure:5096: gcc -E  conftest.c
configure:5102: $? = 0
configure:5122: result: yes
configure:5157: checking for dlfcn.h
configure:5164: result: yes
configure:5187: checking how to run the C++ preprocessor
configure:5218: g++ -E  conftest.cc
configure:5224: $? = 0
configure:5256: g++ -E  conftest.cc
conftest.cc:25:28: error: ac_nonexistent.h: No such file or directory
configure:5262: $? = 1
configure: failed program was:
| /* confdefs.h.  */
| 
| #define PACKAGE_NAME "marc"
| #define PACKAGE_TARNAME "marc"
| #define PACKAGE_VERSION "4.0"
| #define PACKAGE_STRING "marc 4.0"
| #define PACKAGE_BUGREPORT "dingguodong@software.ict.ac.cn"
| #define PACKAGE "marc"
| #define VERSION "4.0"
| #ifdef __cplusplus
| extern "C" void std::exit (int) throw (); using std::exit;
| #endif
| #define STDC_HEADERS 1
| #define HAVE_SYS_TYPES_H 1
| #define HAVE_SYS_STAT_H 1
| #define HAVE_STDLIB_H 1
| #define HAVE_STRING_H 1
| #define HAVE_MEMORY_H 1
| #define HAVE_STRINGS_H 1
| #define HAVE_INTTYPES_H 1
| #define HAVE_STDINT_H 1
| #define HAVE_UNISTD_H 1
| #define HAVE_DLFCN_H 1
| /* end confdefs.h.  */
| #include <ac_nonexistent.h>
configure:5301: result: g++ -E
configure:5325: g++ -E  conftest.cc
configure:5331: $? = 0
configure:5363: g++ -E  conftest.cc
conftest.cc:25:28: error: ac_nonexistent.h: No such file or directory
configure:5369: $? = 1
configure: failed program was:
| /* confdefs.h.  */
| 
| #define PACKAGE_NAME "marc"
| #define PACKAGE_TARNAME "marc"
| #define PACKAGE_VERSION "4.0"
| #define PACKAGE_STRING "marc 4.0"
| #define PACKAGE_BUGREPORT "dingguodong@software.ict.ac.cn"
| #define PACKAGE "marc"
| #define VERSION "4.0"
| #ifdef __cplusplus
| extern "C" void std::exit (int) throw (); using std::exit;
| #endif
| #define STDC_HEADERS 1
| #define HAVE_SYS_TYPES_H 1
| #define HAVE_SYS_STAT_H 1
| #define HAVE_STDLIB_H 1
| #define HAVE_STRING_H 1
| #define HAVE_MEMORY_H 1
| #define HAVE_STRINGS_H 1
| #define HAVE_INTTYPES_H 1
| #define HAVE_STDINT_H 1
| #define HAVE_UNISTD_H 1
| #define HAVE_DLFCN_H 1
| /* end confdefs.h.  */
| #include <ac_nonexistent.h>
configure:5466: checking for g77
configure:5495: result: no
configure:5466: checking for f77
configure:5495: result: no
configure:5466: checking for xlf
configure:5495: result: no
configure:5466: checking for frt
configure:5495: result: no
configure:5466: checking for pgf77
configure:5495: result: no
configure:5466: checking for fort77
configure:5495: result: no
configure:5466: checking for fl32
configure:5495: result: no
configure:5466: checking for af77
configure:5495: result: no
configure:5466: checking for f90
configure:5495: result: no
configure:5466: checking for xlf90
configure:5495: result: no
configure:5466: checking for pgf90
configure:5495: result: no
configure:5466: checking for epcf90
configure:5495: result: no
configure:5466: checking for f95
configure:5482: found /usr/bin/f95
configure:5492: result: f95
configure:5507: checking for Fortran 77 compiler version
configure:5510: f95 --version </dev/null >&5
GNU Fortran (GCC) 4.1.2 20080704 (Red Hat 4.1.2-52)
Copyright (C) 2007 Free Software Foundation, Inc.

GNU Fortran comes with NO WARRANTY, to the extent permitted by law.
You may redistribute copies of GNU Fortran
under the terms of the GNU General Public License.
For more information about these matters, see the file named COPYING

configure:5513: $? = 0
configure:5515: f95 -v </dev/null >&5
Using built-in specs.
Target: x86_64-redhat-linux
Configured with: ../configure --prefix=/usr --mandir=/usr/share/man --infodir=/usr/share/info --enable-shared --enable-threads=posix --enable-checking=release --with-system-zlib --enable-__cxa_atexit --disable-libunwind-exceptions --enable-libgcj-multifile --enable-languages=c,c++,objc,obj-c++,java,fortran,ada --enable-java-awt=gtk --disable-dssi --disable-plugin --with-java-home=/usr/lib/jvm/java-1.4.2-gcj-1.4.2.0/jre --with-cpu=generic --host=x86_64-redhat-linux
Thread model: posix
gcc version 4.1.2 20080704 (Red Hat 4.1.2-52)
configure:5518: $? = 0
configure:5520: f95 -V </dev/null >&5
f95: '-V' option must have argument
configure:5523: $? = 1
configure:5531: checking whether we are using the GNU Fortran 77 compiler
configure:5545: f95 -c  conftest.F >&5
configure:5551: $? = 0
configure:5555: test -z 
			 || test ! -s conftest.err
configure:5558: $? = 0
configure:5561: test -s conftest.o
configure:5564: $? = 0
configure:5577: result: yes
configure:5583: checking whether f95 accepts -g
configure:5595: f95 -c -g conftest.f >&5
configure:5601: $? = 0
configure:5605: test -z 
			 || test ! -s conftest.err
configure:5608: $? = 0
configure:5611: test -s conftest.o
configure:5614: $? = 0
configure:5626: result: yes
configure:5656: checking the maximum length of command line arguments
configure:5765: result: 32768
configure:5776: checking command to parse /usr/bin/nm -B output from gcc object
configure:5881: gcc -c -g -O2  conftest.c >&5
configure:5884: $? = 0
configure:5888: /usr/bin/nm -B conftest.o \| sed -n -e 's/^.*[ 	]\([ABCDGIRSTW][ABCDGIRSTW]*\)[ 	][ 	]*\([_A-Za-z][_A-Za-z0-9]*\)$/\1 \2 \2/p' \> conftest.nm
configure:5891: $? = 0
configure:5943: gcc -o conftest -g -O2   conftest.c conftstm.o >&5
configure:5946: $? = 0
configure:5984: result: ok
configure:5988: checking for objdir
configure:6003: result: .libs
configure:6093: checking for ar
configure:6109: found /usr/bin/ar
configure:6120: result: ar
configure:6173: checking for ranlib
configure:6200: result: ranlib
configure:6253: checking for strip
configure:6269: found /usr/bin/strip
configure:6280: result: strip
configure:6552: checking if gcc supports -fno-rtti -fno-exceptions
configure:6570: gcc -c -g -O2  -fno-rtti -fno-exceptions conftest.c >&5
cc1: warning: command line option "-fno-rtti" is valid for C++/ObjC++ but not for C
configure:6574: $? = 0
configure:6587: result: no
configure:6602: checking for gcc option to produce PIC
configure:6812: result: -fPIC
configure:6820: checking if gcc PIC flag -fPIC works
configure:6838: gcc -c -g -O2  -fPIC -DPIC conftest.c >&5
configure:6842: $? = 0
configure:6855: result: yes
configure:6883: checking if gcc static flag -static works
configure:6911: result: yes
configure:6921: checking if gcc supports -c -o file.o
configure:6942: gcc -c -g -O2  -o out/conftest2.o conftest.c >&5
configure:6946: $? = 0
configure:6968: result: yes
configure:6994: checking whether the gcc linker (/usr/bin/ld -m elf_x86_64) supports shared libraries
configure:7952: result: yes
configure:7973: checking whether -lc should be explicitly linked in
configure:7978: gcc -c -g -O2  conftest.c >&5
configure:7981: $? = 0
configure:7996: gcc -shared conftest.o  -v -Wl,-soname -Wl,conftest -o conftest 2\>\&1 \| grep  -lc  \>/dev/null 2\>\&1
configure:7999: $? = 0
configure:8011: result: no
configure:8019: checking dynamic linker characteristics
configure:8412: gcc -c -g -O2  conftest.c >&5
configure:8415: $? = 0
configure:8628: result: GNU/Linux ld.so
configure:8637: checking how to hardcode library paths into programs
configure:8662: result: immediate
configure:8676: checking whether stripping libraries is possible
configure:8681: result: yes
configure:9515: checking if libtool supports shared libraries
configure:9517: result: yes
configure:9520: checking whether to build shared libraries
configure:9541: result: yes
configure:9544: checking whether to build static libraries
configure:9548: result: yes
configure:9640: creating libtool
configure:10231: checking for ld used by g++
configure:10298: result: /usr/bin/ld -m elf_x86_64
configure:10307: checking if the linker (/usr/bin/ld -m elf_x86_64) is GNU ld
configure:10322: result: yes
configure:10373: checking whether the g++ linker (/usr/bin/ld -m elf_x86_64) supports shared libraries
configure:11311: result: yes
configure:11329: g++ -c -O2  conftest.cpp >&5
configure:11332: $? = 0
configure:11451: checking for g++ option to produce PIC
configure:11725: result: -fPIC
configure:11733: checking if g++ PIC flag -fPIC works
configure:11751: g++ -c -O2  -fPIC -DPIC conftest.cpp >&5
configure:11755: $? = 0
configure:11768: result: yes
configure:11796: checking if g++ static flag -static works
configure:11824: result: yes
configure:11834: checking if g++ supports -c -o file.o
configure:11855: g++ -c -O2  -o out/conftest2.o conftest.cpp >&5
configure:11859: $? = 0
configure:11881: result: yes
configure:11907: checking whether the g++ linker (/usr/bin/ld -m elf_x86_64) supports shared libraries
configure:11932: result: yes
configure:11999: checking dynamic linker characteristics
configure:12392: g++ -c -O2  conftest.cpp >&5
configure:12395: $? = 0
configure:12608: result: GNU/Linux ld.so
configure:12617: checking how to hardcode library paths into programs
configure:12642: result: immediate
configure:13171: checking if libtool supports shared libraries
configure:13173: result: yes
configure:13176: checking whether to build shared libraries
configure:13196: result: yes
configure:13199: checking whether to build static libraries
configure:13203: result: yes
configure:13213: checking for f95 option to produce PIC
configure:13423: result: -fPIC
configure:13431: checking if f95 PIC flag -fPIC works
configure:13449: f95 -c -g -O2 -fPIC conftest.f >&5
configure:13453: $? = 0
configure:13466: result: yes
configure:13494: checking if f95 static flag -static works
configure:13522: result: yes
configure:13532: checking if f95 supports -c -o file.o
configure:13553: f95 -c -g -O2 -o out/conftest2.o conftest.f >&5
configure:13557: $? = 0
configure:13579: result: yes
configure:13605: checking whether the f95 linker (/usr/bin/ld -m elf_x86_64) supports shared libraries
configure:14543: result: yes
configure:14610: checking dynamic linker characteristics
configure:15003: f95 -c -g -O2 conftest.f >&5
Warning: conftest.f:1: Illegal preprocessor directive
configure:15006: $? = 0
configure:15219: result: GNU/Linux ld.so
configure:15228: checking how to hardcode library paths into programs
configure:15253: result: immediate
configure:18850: checking for main in -lpthread
configure:18874: gcc -o conftest -g -O2   conftest.c -lpthread   >&5
configure:18880: $? = 0
configure:18884: test -z 
			 || test ! -s conftest.err
configure:18887: $? = 0
configure:18890: test -s conftest
configure:18893: $? = 0
configure:18906: result: yes
configure:18927: checking for dirent.h that defines DIR
configure:18951: gcc -c -g -O2  conftest.c >&5
configure:18957: $? = 0
configure:18961: test -z 
			 || test ! -s conftest.err
configure:18964: $? = 0
configure:18967: test -s conftest.o
configure:18970: $? = 0
configure:18981: result: yes
configure:18994: checking for library containing opendir
configure:19024: gcc -o conftest -g -O2   conftest.c -lpthread  >&5
configure:19030: $? = 0
configure:19034: test -z 
			 || test ! -s conftest.err
configure:19037: $? = 0
configure:19040: test -s conftest
configure:19043: $? = 0
configure:19113: result: none required
configure:19249: checking for ANSI C header files
configure:19405: result: yes
configure:19436: checking arpa/inet.h usability
configure:19448: gcc -c -g -O2  conftest.c >&5
configure:19454: $? = 0
configure:19458: test -z 
			 || test ! -s conftest.err
configure:19461: $? = 0
configure:19464: test -s conftest.o
configure:19467: $? = 0
configure:19477: result: yes
configure:19481: checking arpa/inet.h presence
configure:19491: gcc -E  conftest.c
configure:19497: $? = 0
configure:19517: result: yes
configure:19552: checking for arpa/inet.h
configure:19559: result: yes
configure:19436: checking fcntl.h usability
configure:19448: gcc -c -g -O2  conftest.c >&5
configure:19454: $? = 0
configure:19458: test -z 
			 || test ! -s conftest.err
configure:19461: $? = 0
configure:19464: test -s conftest.o
configure:19467: $? = 0
configure:19477: result: yes
configure:19481: checking fcntl.h presence
configure:19491: gcc -E  conftest.c
configure:19497: $? = 0
configure:19517: result: yes
configure:19552: checking for fcntl.h
configure:19559: result: yes
configure:19436: checking netdb.h usability
configure:19448: gcc -c -g -O2  conftest.c >&5
configure:19454: $? = 0
configure:19458: test -z 
			 || test ! -s conftest.err
configure:19461: $? = 0
configure:19464: test -s conftest.o
configure:19467: $? = 0
configure:19477: result: yes
configure:19481: checking netdb.h presence
configure:19491: gcc -E  conftest.c
configure:19497: $? = 0
configure:19517: result: yes
configure:19552: checking for netdb.h
configure:19559: result: yes
configure:19436: checking netinet/in.h usability
configure:19448: gcc -c -g -O2  conftest.c >&5
configure:19454: $? = 0
configure:19458: test -z 
			 || test ! -s conftest.err
configure:19461: $? = 0
configure:19464: test -s conftest.o
configure:19467: $? = 0
configure:19477: result: yes
configure:19481: checking netinet/in.h presence
configure:19491: gcc -E  conftest.c
configure:19497: $? = 0
configure:19517: result: yes
configure:19552: checking for netinet/in.h
configure:19559: result: yes
configure:19427: checking for stdlib.h
configure:19432: result: yes
configure:19427: checking for string.h
configure:19432: result: yes
configure:19436: checking sys/socket.h usability
configure:19448: gcc -c -g -O2  conftest.c >&5
configure:19454: $? = 0
configure:19458: test -z 
			 || test ! -s conftest.err
configure:19461: $? = 0
configure:19464: test -s conftest.o
configure:19467: $? = 0
configure:19477: result: yes
configure:19481: checking sys/socket.h presence
configure:19491: gcc -E  conftest.c
configure:19497: $? = 0
configure:19517: result: yes
configure:19552: checking for sys/socket.h
configure:19559: result: yes
configure:19427: checking for unistd.h
configure:19432: result: yes
configure:19574: checking for stdbool.h that conforms to C99
configure:19627: gcc -c -g -O2  conftest.c >&5
configure:19633: $? = 0
configure:19637: test -z 
			 || test ! -s conftest.err
configure:19640: $? = 0
configure:19643: test -s conftest.o
configure:19646: $? = 0
configure:19657: result: yes
configure:19659: checking for _Bool
configure:19683: gcc -c -g -O2  conftest.c >&5
configure:19689: $? = 0
configure:19693: test -z 
			 || test ! -s conftest.err
configure:19696: $? = 0
configure:19699: test -s conftest.o
configure:19702: $? = 0
configure:19713: result: yes
configure:19732: checking for an ANSI C-conforming const
configure:19799: gcc -c -g -O2  conftest.c >&5
configure:19805: $? = 0
configure:19809: test -z 
			 || test ! -s conftest.err
configure:19812: $? = 0
configure:19815: test -s conftest.o
configure:19818: $? = 0
configure:19829: result: yes
configure:19839: checking whether time.h and sys/time.h may both be included
configure:19864: gcc -c -g -O2  conftest.c >&5
configure:19870: $? = 0
configure:19874: test -z 
			 || test ! -s conftest.err
configure:19877: $? = 0
configure:19880: test -s conftest.o
configure:19883: $? = 0
configure:19894: result: yes
configure:19904: checking whether struct tm is in sys/time.h or time.h
configure:19927: gcc -c -g -O2  conftest.c >&5
configure:19933: $? = 0
configure:19937: test -z 
			 || test ! -s conftest.err
configure:19940: $? = 0
configure:19943: test -s conftest.o
configure:19946: $? = 0
configure:19957: result: time.h
configure:19969: checking whether closedir returns void
configure:19998: gcc -o conftest -g -O2   conftest.c -lpthread  >&5
configure:20001: $? = 0
configure:20003: ./conftest
configure:20006: $? = 0
configure:20020: result: no
configure:20045: checking sys/select.h usability
configure:20057: gcc -c -g -O2  conftest.c >&5
configure:20063: $? = 0
configure:20067: test -z 
			 || test ! -s conftest.err
configure:20070: $? = 0
configure:20073: test -s conftest.o
configure:20076: $? = 0
configure:20086: result: yes
configure:20090: checking sys/select.h presence
configure:20100: gcc -E  conftest.c
configure:20106: $? = 0
configure:20126: result: yes
configure:20161: checking for sys/select.h
configure:20168: result: yes
configure:20036: checking for sys/socket.h
configure:20041: result: yes
configure:20181: checking types of arguments for select
configure:20214: gcc -c -g -O2  conftest.c >&5
configure:20220: $? = 0
configure:20224: test -z 
			 || test ! -s conftest.err
configure:20227: $? = 0
configure:20230: test -s conftest.o
configure:20233: $? = 0
configure:20249: result: int,fd_set *,struct timeval *
configure:20281: checking for getcwd
configure:20338: gcc -o conftest -g -O2   conftest.c -lpthread  >&5
configure:20344: $? = 0
configure:20348: test -z 
			 || test ! -s conftest.err
configure:20351: $? = 0
configure:20354: test -s conftest
configure:20357: $? = 0
configure:20369: result: yes
configure:20281: checking for inet_ntoa
configure:20338: gcc -o conftest -g -O2   conftest.c -lpthread  >&5
configure:20344: $? = 0
configure:20348: test -z 
			 || test ! -s conftest.err
configure:20351: $? = 0
configure:20354: test -s conftest
configure:20357: $? = 0
configure:20369: result: yes
configure:20281: checking for memset
configure:20338: gcc -o conftest -g -O2   conftest.c -lpthread  >&5
conftest.c:70: warning: conflicting types for built-in function 'memset'
configure:20344: $? = 0
configure:20348: test -z 
			 || test ! -s conftest.err
configure:20351: $? = 0
configure:20354: test -s conftest
configure:20357: $? = 0
configure:20369: result: yes
configure:20281: checking for select
configure:20338: gcc -o conftest -g -O2   conftest.c -lpthread  >&5
configure:20344: $? = 0
configure:20348: test -z 
			 || test ! -s conftest.err
configure:20351: $? = 0
configure:20354: test -s conftest
configure:20357: $? = 0
configure:20369: result: yes
configure:20281: checking for socket
configure:20338: gcc -o conftest -g -O2   conftest.c -lpthread  >&5
configure:20344: $? = 0
configure:20348: test -z 
			 || test ! -s conftest.err
configure:20351: $? = 0
configure:20354: test -s conftest
configure:20357: $? = 0
configure:20369: result: yes
configure:20281: checking for strstr
configure:20338: gcc -o conftest -g -O2   conftest.c -lpthread  >&5
conftest.c:73: warning: conflicting types for built-in function 'strstr'
configure:20344: $? = 0
configure:20348: test -z 
			 || test ! -s conftest.err
configure:20351: $? = 0
configure:20354: test -s conftest
configure:20357: $? = 0
configure:20369: result: yes
configure:20498: creating ./config.status

## ---------------------- ##
## Running config.status. ##
## ---------------------- ##

This file was extended by marc config.status 4.0, which was
generated by GNU Autoconf 2.59.  Invocation command line was

  CONFIG_FILES    = 
  CONFIG_HEADERS  = 
  CONFIG_LINKS    = 
  CONFIG_COMMANDS = 
  $ ./config.status 

on bogon

config.status:720: creating src/marc/Makefile
config.status:720: creating src/myzip/Makefile
config.status:720: creating src/sftp/Makefile
config.status:720: creating src/utils/Makefile
config.status:720: creating src/Makefile
config.status:720: creating Makefile
config.status:824: creating config.h
config.status:1000: config.h is unchanged
config.status:1180: executing depfiles commands

## ---------------- ##
## Cache variables. ##
## ---------------- ##

ac_cv_build=x86_64-unknown-linux-gnu
ac_cv_build_alias=x86_64-unknown-linux-gnu
ac_cv_c_compiler_gnu=yes
ac_cv_c_const=yes
ac_cv_cxx_compiler_gnu=yes
ac_cv_env_CC_set=
ac_cv_env_CC_value=
ac_cv_env_CFLAGS_set=
ac_cv_env_CFLAGS_value=
ac_cv_env_CPPFLAGS_set=
ac_cv_env_CPPFLAGS_value=
ac_cv_env_CPP_set=
ac_cv_env_CPP_value=
ac_cv_env_CXXCPP_set=
ac_cv_env_CXXCPP_value=
ac_cv_env_CXXFLAGS_set=set
ac_cv_env_CXXFLAGS_value=-O2
ac_cv_env_CXX_set=
ac_cv_env_CXX_value=
ac_cv_env_F77_set=
ac_cv_env_F77_value=
ac_cv_env_FFLAGS_set=
ac_cv_env_FFLAGS_value=
ac_cv_env_LDFLAGS_set=
ac_cv_env_LDFLAGS_value=
ac_cv_env_build_alias_set=
ac_cv_env_build_alias_value=
ac_cv_env_host_alias_set=
ac_cv_env_host_alias_value=
ac_cv_env_target_alias_set=
ac_cv_env_target_alias_value=
ac_cv_exeext=
ac_cv_f77_compiler_gnu=yes
ac_cv_func_closedir_void=no
ac_cv_func_getcwd=yes
ac_cv_func_inet_ntoa=yes
ac_cv_func_memset=yes
ac_cv_func_select=yes
ac_cv_func_select_args='int,fd_set *,struct timeval *'
ac_cv_func_socket=yes
ac_cv_func_strstr=yes
ac_cv_header_arpa_inet_h=yes
ac_cv_header_dirent_dirent_h=yes
ac_cv_header_dlfcn_h=yes
ac_cv_header_fcntl_h=yes
ac_cv_header_inttypes_h=yes
ac_cv_header_memory_h=yes
ac_cv_header_netdb_h=yes
ac_cv_header_netinet_in_h=yes
ac_cv_header_stdbool_h=yes
ac_cv_header_stdc=yes
ac_cv_header_stdint_h=yes
ac_cv_header_stdlib_h=yes
ac_cv_header_string_h=yes
ac_cv_header_strings_h=yes
ac_cv_header_sys_select_h=yes
ac_cv_header_sys_socket_h=yes
ac_cv_header_sys_stat_h=yes
ac_cv_header_sys_types_h=yes
ac_cv_header_time=yes
ac_cv_header_unistd_h=yes
ac_cv_host=x86_64-unknown-linux-gnu
ac_cv_host_alias=x86_64-unknown-linux-gnu
ac_cv_lib_pthread_main=yes
ac_cv_objext=o
ac_cv_path_install='/usr/bin/install -c'
ac_cv_prog_AWK=gawk
ac_cv_prog_CPP='gcc -E'
ac_cv_prog_CXXCPP='g++ -E'
ac_cv_prog_ac_ct_AR=ar
ac_cv_prog_ac_ct_CC=gcc
ac_cv_prog_ac_ct_CXX=g++
ac_cv_prog_ac_ct_F77=f95
ac_cv_prog_ac_ct_RANLIB=ranlib
ac_cv_prog_ac_ct_STRIP=strip
ac_cv_prog_cc_g=yes
ac_cv_prog_cc_stdc=
ac_cv_prog_cxx_g=yes
ac_cv_prog_egrep='grep -E'
ac_cv_prog_f77_g=yes
ac_cv_prog_make_make_set=yes
ac_cv_search_opendir='none required'
ac_cv_struct_tm=time.h
ac_cv_type__Bool=yes
am_cv_CC_dependencies_compiler_type=gcc3
am_cv_CXX_dependencies_compiler_type=gcc3
lt_cv_deplibs_check_method=pass_all
lt_cv_file_magic_cmd='$MAGIC_CMD'
lt_cv_file_magic_test_file=
lt_cv_ld_reload_flag=-r
lt_cv_objdir=.libs
lt_cv_path_LD=/usr/bin/ld
lt_cv_path_LDCXX='/usr/bin/ld -m elf_x86_64'
lt_cv_path_NM='/usr/bin/nm -B'
lt_cv_path_SED=/bin/sed
lt_cv_prog_compiler_c_o=yes
lt_cv_prog_compiler_c_o_CXX=yes
lt_cv_prog_compiler_c_o_F77=yes
lt_cv_prog_compiler_rtti_exceptions=no
lt_cv_prog_gnu_ld=yes
lt_cv_prog_gnu_ldcxx=yes
lt_cv_sys_global_symbol_pipe='sed -n -e '\''s/^.*[ 	]\([ABCDGIRSTW][ABCDGIRSTW]*\)[ 	][ 	]*\([_A-Za-z][_A-Za-z0-9]*\)$/\1 \2 \2/p'\'''
lt_cv_sys_global_symbol_to_c_name_address='sed -n -e '\''s/^: \([^ ]*\) $/  {\"\1\", (lt_ptr) 0},/p'\'' -e '\''s/^[BCDEGRST] \([^ ]*\) \([^ ]*\)$/  {"\2", (lt_ptr) \&\2},/p'\'''
lt_cv_sys_global_symbol_to_cdecl='sed -n -e '\''s/^. .* \(.*\)$/extern int \1;/p'\'''
lt_cv_sys_max_cmd_len=32768
lt_lt_cv_prog_compiler_c_o='"yes"'
lt_lt_cv_prog_compiler_c_o_CXX='"yes"'
lt_lt_cv_prog_compiler_c_o_F77='"yes"'
lt_lt_cv_sys_global_symbol_pipe='"sed -n -e '\''s/^.*[ 	]\\([ABCDGIRSTW][ABCDGIRSTW]*\\)[ 	][ 	]*\\([_A-Za-z][_A-Za-z0-9]*\\)\$/\\1 \\2 \\2/p'\''"'
lt_lt_cv_sys_global_symbol_to_c_name_address='"sed -n -e '\''s/^: \\([^ ]*\\) \$/  {\\\"\\1\\\", (lt_ptr) 0},/p'\'' -e '\''s/^[BCDEGRST] \\([^ ]*\\) \\([^ ]*\\)\$/  {\"\\2\", (lt_ptr) \\&\\2},/p'\''"'
lt_lt_cv_sys_global_symbol_to_cdecl='"sed -n -e '\''s/^. .* \\(.*\\)\$/extern int \\1;/p'\''"'

## ----------------- ##
## Output variables. ##
## ----------------- ##

ACLOCAL='${SHELL} /home/gdding/MARC/missing --run aclocal-1.9'
AMDEPBACKSLASH='\'
AMDEP_FALSE='#'
AMDEP_TRUE=''
AMTAR='${SHELL} /home/gdding/MARC/missing --run tar'
AR='ar'
AUTOCONF='${SHELL} /home/gdding/MARC/missing --run autoconf'
AUTOHEADER='${SHELL} /home/gdding/MARC/missing --run autoheader'
AUTOMAKE='${SHELL} /home/gdding/MARC/missing --run automake-1.9'
AWK='gawk'
CC='gcc'
CCDEPMODE='depmode=gcc3'
CFLAGS='-g -O2'
CPP='gcc -E'
CPPFLAGS=''
CXX='g++'
CXXCPP='g++ -E'
CXXDEPMODE='depmode=gcc3'
CXXFLAGS='-O2'
CYGPATH_W='echo'
DEFS='-DHAVE_CONFIG_H'
DEPDIR='.deps'
ECHO='echo'
ECHO_C=''
ECHO_N='-n'
ECHO_T=''
EGREP='grep -E'
EXEEXT=''
F77='f95'
FFLAGS='-g -O2'
INSTALL_DATA='${INSTALL} -m 644'
INSTALL_PROGRAM='${INSTALL}'
INSTALL_SCRIPT='${INSTALL}'
INSTALL_STRIP_PROGRAM='${SHELL} $(install_sh) -c -s'
LDFLAGS=''
LIBOBJS=''
LIBS='-lpthread '
LIBTOOL='$(SHELL) $(top_builddir)/libtool'
LN_S='ln -s'
LTLIBOBJS=''
MAKEINFO='${SHELL} /home/gdding/MARC/missing --run makeinfo'
OBJEXT='o'
PACKAGE='marc'
PACKAGE_BUGREPORT='dingguodong@software.ict.ac.cn'
PACKAGE_NAME='marc'
PACKAGE_STRING='marc 4.0'
PACKAGE_TARNAME='marc'
PACKAGE_VERSION='4.0'
PATH_SEPARATOR=':'
RANLIB='ranlib'
SED='/bin/sed'
SET_MAKE=''
SHELL='/bin/sh'
STRIP='strip'
VERSION='4.0'
ac_ct_AR='ar'
ac_ct_CC='gcc'
ac_ct_CXX='g++'
ac_ct_F77='f95'
ac_ct_RANLIB='ranlib'
ac_ct_STRIP='strip'
am__fastdepCC_FALSE='#'
am__fastdepCC_TRUE=''
am__fastdepCXX_FALSE='#'
am__fastdepCXX_TRUE=''
am__include='include'
am__leading_dot='.'
am__quote=''
am__tar='${AMTAR} chof - "$$tardir"'
am__untar='${AMTAR} xf -'
bindir='${exec_prefix}/bin'
build='x86_64-unknown-linux-gnu'
build_alias=''
build_cpu='x86_64'
build_os='linux-gnu'
build_vendor='unknown'
datadir='${prefix}/share'
exec_prefix='${prefix}'
host='x86_64-unknown-linux-gnu'
host_alias=''
host_cpu='x86_64'
host_os='linux-gnu'
host_vendor='unknown'
includedir='${prefix}/include'
infodir='${prefix}/info'
install_sh='/home/gdding/MARC/install-sh'
libdir='${exec_prefix}/lib'
libexecdir='${exec_prefix}/libexec'
localstatedir='${prefix}/var'
mandir='${prefix}/man'
mkdir_p='mkdir -p --'
oldincludedir='/usr/include'
prefix='/home/gdding/MARC'
program_transform_name='s,x,x,'
sbindir='${exec_prefix}/sbin'
sharedstatedir='${prefix}/com'
sysconfdir='${prefix}/etc'
target_alias=''

## ----------- ##
## confdefs.h. ##
## ----------- ##

#define HAVE_ARPA_INET_H 1
#define HAVE_DIRENT_H 1
#define HAVE_DLFCN_H 1
#define HAVE_FCNTL_H 1
#define HAVE_GETCWD 1
#define HAVE_INET_NTOA 1
#define HAVE_INTTYPES_H 1
#define HAVE_LIBPTHREAD 1
#define HAVE_MEMORY_H 1
#define HAVE_MEMSET 1
#define HAVE_NETDB_H 1
#define HAVE_NETINET_IN_H 1
#define HAVE_SELECT 1
#define HAVE_SOCKET 1
#define HAVE_STDBOOL_H 1
#define HAVE_STDINT_H 1
#define HAVE_STDLIB_H 1
#define HAVE_STDLIB_H 1
#define HAVE_STRINGS_H 1
#define HAVE_STRING_H 1
#define HAVE_STRING_H 1
#define HAVE_STRSTR 1
#define HAVE_SYS_SELECT_H 1
#define HAVE_SYS_SOCKET_H 1
#define HAVE_SYS_SOCKET_H 1
#define HAVE_SYS_STAT_H 1
#define HAVE_SYS_TYPES_H 1
#define HAVE_UNISTD_H 1
#define HAVE_UNISTD_H 1
#define HAVE__BOOL 1
#define PACKAGE "marc"
#define PACKAGE_BUGREPORT "dingguodong@software.ict.ac.cn"
#define PACKAGE_NAME "marc"
#define PACKAGE_STRING "marc 4.0"
#define PACKAGE_TARNAME "marc"
#define PACKAGE_VERSION "4.0"
#define SELECT_TYPE_ARG1 int
#define SELECT_TYPE_ARG234 (fd_set *)
#define SELECT_TYPE_ARG5 (struct timeval *)
#define STDC_HEADERS 1
#define STDC_HEADERS 1
#define TIME_WITH_SYS_TIME 1
#define VERSION "4.0"
#endif
#ifdef __cplusplus
extern "C" void std::exit (int) throw (); using std::exit;

configure: exit 0
